app/build/intermediates/manifest_merge_blame_file/release/processReleaseMainManifest/manifest-merger-blame-release-report.txt
1<?xml version="1.0" encoding="utf-8"?>
2<manifest xmlns:android="http://schemas.android.com/apk/res/android"
3    package="com.idyusufm.simaqom"
4    android:versionCode="3"
5    android:versionName="1.1.1" >
6
7    <uses-sdk
8        android:minSdkVersion="24"
9        android:targetSdkVersion="34" />
10
11    <!-- Essential Network Permissions -->
12    <uses-permission android:name="android.permission.INTERNET" />
12-->src\main\AndroidManifest.xml:6:5-67
12-->src\main\AndroidManifest.xml:6:22-64
13    <uses-permission android:name="android.permission.ACCESS_NETWORK_STATE" />
13-->src\main\AndroidManifest.xml:7:5-79
13-->src\main\AndroidManifest.xml:7:22-76
14    <uses-permission android:name="android.permission.VIBRATE" />
14-->src\main\AndroidManifest.xml:8:5-66
14-->src\main\AndroidManifest.xml:8:22-63
15    <uses-permission android:name="android.permission.CAMERA" />
15-->src\main\AndroidManifest.xml:10:5-65
15-->src\main\AndroidManifest.xml:10:22-62
16
17    <uses-feature
17-->src\main\AndroidManifest.xml:11:5-85
18        android:name="android.hardware.camera"
18-->src\main\AndroidManifest.xml:11:19-57
19        android:required="false" />
19-->src\main\AndroidManifest.xml:11:58-82
20
21    <uses-permission android:name="android.permission.POST_NOTIFICATIONS" />
21-->src\main\AndroidManifest.xml:13:5-77
21-->src\main\AndroidManifest.xml:13:22-74
22    <uses-permission android:name="android.permission.REQUEST_INSTALL_PACKAGES" />
22-->src\main\AndroidManifest.xml:14:5-119
22-->src\main\AndroidManifest.xml:14:22-80
23
24    <permission
24-->[androidx.core:core:1.13.1] AndroidManifest.xml:22:5-24:47
25        android:name="com.idyusufm.simaqom.DYNAMIC_RECEIVER_NOT_EXPORTED_PERMISSION"
25-->[androidx.core:core:1.13.1] AndroidManifest.xml:23:9-81
26        android:protectionLevel="signature" />
26-->[androidx.core:core:1.13.1] AndroidManifest.xml:24:9-44
27
28    <uses-permission android:name="com.idyusufm.simaqom.DYNAMIC_RECEIVER_NOT_EXPORTED_PERMISSION" />
28-->[androidx.core:core:1.13.1] AndroidManifest.xml:26:5-97
28-->[androidx.core:core:1.13.1] AndroidManifest.xml:26:22-94
29
30    <application
30-->src\main\AndroidManifest.xml:16:5-62:19
31        android:allowBackup="true"
31-->src\main\AndroidManifest.xml:17:9-35
32        android:appComponentFactory="androidx.core.app.CoreComponentFactory"
32-->[androidx.core:core:1.13.1] AndroidManifest.xml:28:18-86
33        android:dataExtractionRules="@xml/data_extraction_rules"
33-->src\main\AndroidManifest.xml:18:9-65
34        android:extractNativeLibs="false"
35        android:fullBackupContent="@xml/backup_rules"
35-->src\main\AndroidManifest.xml:19:9-54
36        android:hardwareAccelerated="true"
36-->src\main\AndroidManifest.xml:26:9-43
37        android:icon="@mipmap/ic_launcher"
37-->src\main\AndroidManifest.xml:20:9-43
38        android:label="@string/app_name"
38-->src\main\AndroidManifest.xml:21:9-41
39        android:networkSecurityConfig="@xml/network_security_config"
39-->src\main\AndroidManifest.xml:25:9-69
40        android:roundIcon="@mipmap/ic_launcher_round"
40-->src\main\AndroidManifest.xml:22:9-54
41        android:supportsRtl="true"
41-->src\main\AndroidManifest.xml:23:9-35
42        android:theme="@style/Theme.WebApp" >
42-->src\main\AndroidManifest.xml:24:9-44
43        <provider
44            android:name="androidx.core.content.FileProvider"
44-->src\main\AndroidManifest.xml:30:13-62
45            android:authorities="com.idyusufm.simaqom.fileprovider"
45-->src\main\AndroidManifest.xml:31:13-64
46            android:exported="false"
46-->src\main\AndroidManifest.xml:32:13-37
47            android:grantUriPermissions="true" >
47-->src\main\AndroidManifest.xml:33:13-47
48            <meta-data
48-->src\main\AndroidManifest.xml:34:13-36:54
49                android:name="android.support.FILE_PROVIDER_PATHS"
49-->src\main\AndroidManifest.xml:35:17-67
50                android:resource="@xml/file_paths" />
50-->src\main\AndroidManifest.xml:36:17-51
51        </provider>
52
53        <activity
53-->src\main\AndroidManifest.xml:39:9-60:20
54            android:name="com.idyusufm.simaqom.MainActivity"
54-->src\main\AndroidManifest.xml:40:13-41
55            android:configChanges="orientation|screenSize|keyboardHidden|screenLayout"
55-->src\main\AndroidManifest.xml:42:13-87
56            android:exported="true"
56-->src\main\AndroidManifest.xml:41:13-36
57            android:theme="@style/Theme.WebApp.Starting"
57-->src\main\AndroidManifest.xml:44:13-57
58            android:windowSoftInputMode="adjustResize" >
58-->src\main\AndroidManifest.xml:43:13-55
59            <intent-filter>
59-->src\main\AndroidManifest.xml:46:13-49:29
60                <action android:name="android.intent.action.MAIN" />
60-->src\main\AndroidManifest.xml:47:17-69
60-->src\main\AndroidManifest.xml:47:25-66
61
62                <category android:name="android.intent.category.LAUNCHER" />
62-->src\main\AndroidManifest.xml:48:17-77
62-->src\main\AndroidManifest.xml:48:27-74
63            </intent-filter>
64
65            <!-- Deep Linking / Web Intent Filter -->
66            <intent-filter android:autoVerify="true" >
66-->src\main\AndroidManifest.xml:52:13-59:29
66-->src\main\AndroidManifest.xml:52:28-53
67                <action android:name="android.intent.action.VIEW" />
67-->src\main\AndroidManifest.xml:53:17-69
67-->src\main\AndroidManifest.xml:53:25-66
68
69                <category android:name="android.intent.category.DEFAULT" />
69-->src\main\AndroidManifest.xml:54:17-76
69-->src\main\AndroidManifest.xml:54:27-73
70                <category android:name="android.intent.category.BROWSABLE" />
70-->src\main\AndroidManifest.xml:55:17-78
70-->src\main\AndroidManifest.xml:55:27-75
71
72                <data
72-->src\main\AndroidManifest.xml:56:17-58:57
73                    android:host="idyusufm.github.io"
73-->src\main\AndroidManifest.xml:58:21-54
74                    android:scheme="https" />
74-->src\main\AndroidManifest.xml:57:21-43
75            </intent-filter>
76        </activity>
77
78        <provider
78-->[androidx.emoji2:emoji2:1.3.0] AndroidManifest.xml:24:9-32:20
79            android:name="androidx.startup.InitializationProvider"
79-->[androidx.emoji2:emoji2:1.3.0] AndroidManifest.xml:25:13-67
80            android:authorities="com.idyusufm.simaqom.androidx-startup"
80-->[androidx.emoji2:emoji2:1.3.0] AndroidManifest.xml:26:13-68
81            android:exported="false" >
81-->[androidx.emoji2:emoji2:1.3.0] AndroidManifest.xml:27:13-37
82            <meta-data
82-->[androidx.emoji2:emoji2:1.3.0] AndroidManifest.xml:29:13-31:52
83                android:name="androidx.emoji2.text.EmojiCompatInitializer"
83-->[androidx.emoji2:emoji2:1.3.0] AndroidManifest.xml:30:17-75
84                android:value="androidx.startup" />
84-->[androidx.emoji2:emoji2:1.3.0] AndroidManifest.xml:31:17-49
85            <meta-data
85-->[androidx.lifecycle:lifecycle-process:2.6.2] AndroidManifest.xml:29:13-31:52
86                android:name="androidx.lifecycle.ProcessLifecycleInitializer"
86-->[androidx.lifecycle:lifecycle-process:2.6.2] AndroidManifest.xml:30:17-78
87                android:value="androidx.startup" />
87-->[androidx.lifecycle:lifecycle-process:2.6.2] AndroidManifest.xml:31:17-49
88            <meta-data
88-->[androidx.profileinstaller:profileinstaller:1.3.1] AndroidManifest.xml:29:13-31:52
89                android:name="androidx.profileinstaller.ProfileInstallerInitializer"
89-->[androidx.profileinstaller:profileinstaller:1.3.1] AndroidManifest.xml:30:17-85
90                android:value="androidx.startup" />
90-->[androidx.profileinstaller:profileinstaller:1.3.1] AndroidManifest.xml:31:17-49
91        </provider>
92
93        <receiver
93-->[androidx.profileinstaller:profileinstaller:1.3.1] AndroidManifest.xml:34:9-52:20
94            android:name="androidx.profileinstaller.ProfileInstallReceiver"
94-->[androidx.profileinstaller:profileinstaller:1.3.1] AndroidManifest.xml:35:13-76
95            android:directBootAware="false"
95-->[androidx.profileinstaller:profileinstaller:1.3.1] AndroidManifest.xml:36:13-44
96            android:enabled="true"
96-->[androidx.profileinstaller:profileinstaller:1.3.1] AndroidManifest.xml:37:13-35
97            android:exported="true"
97-->[androidx.profileinstaller:profileinstaller:1.3.1] AndroidManifest.xml:38:13-36
98            android:permission="android.permission.DUMP" >
98-->[androidx.profileinstaller:profileinstaller:1.3.1] AndroidManifest.xml:39:13-57
99            <intent-filter>
99-->[androidx.profileinstaller:profileinstaller:1.3.1] AndroidManifest.xml:40:13-42:29
100                <action android:name="androidx.profileinstaller.action.INSTALL_PROFILE" />
100-->[androidx.profileinstaller:profileinstaller:1.3.1] AndroidManifest.xml:41:17-91
100-->[androidx.profileinstaller:profileinstaller:1.3.1] AndroidManifest.xml:41:25-88
101            </intent-filter>
102            <intent-filter>
102-->[androidx.profileinstaller:profileinstaller:1.3.1] AndroidManifest.xml:43:13-45:29
103                <action android:name="androidx.profileinstaller.action.SKIP_FILE" />
103-->[androidx.profileinstaller:profileinstaller:1.3.1] AndroidManifest.xml:44:17-85
103-->[androidx.profileinstaller:profileinstaller:1.3.1] AndroidManifest.xml:44:25-82
104            </intent-filter>
105            <intent-filter>
105-->[androidx.profileinstaller:profileinstaller:1.3.1] AndroidManifest.xml:46:13-48:29
106                <action android:name="androidx.profileinstaller.action.SAVE_PROFILE" />
106-->[androidx.profileinstaller:profileinstaller:1.3.1] AndroidManifest.xml:47:17-88
106-->[androidx.profileinstaller:profileinstaller:1.3.1] AndroidManifest.xml:47:25-85
107            </intent-filter>
108            <intent-filter>
108-->[androidx.profileinstaller:profileinstaller:1.3.1] AndroidManifest.xml:49:13-51:29
109                <action android:name="androidx.profileinstaller.action.BENCHMARK_OPERATION" />
109-->[androidx.profileinstaller:profileinstaller:1.3.1] AndroidManifest.xml:50:17-95
109-->[androidx.profileinstaller:profileinstaller:1.3.1] AndroidManifest.xml:50:25-92
110            </intent-filter>
111        </receiver>
112    </application>
113
114</manifest>